#
# A fatal error has been detected by the Java Runtime Environment:
#
#  EXCEPTION_ACCESS_VIOLATION (0xc0000005) at pc=0x00007ffc744d50a6, pid=2944, tid=0x0000000000000d00
#
# JRE version: OpenJDK Runtime Environment (8.0) (build 1.8.0-internal-fastdebug-_2018_01_23_13_40-b00)
# Java VM: OpenJDK 64-Bit Server VM (25.71-b00-fastdebug mixed mode windows-amd64 compressed oops)
# Problematic frame:
# C  [javafx_font.dll+0x50a6]
#
# Core dump written. Default location: C:\projects\VocabHunter\gui\hs_err_pid2944.mdmp
#
# If you would like to submit a bug report, please visit:
#   http://bugreport.java.com/bugreport/crash.jsp
# The crash happened outside the Java Virtual Machine in native code.
# See problematic frame for where to report the bug.
#

---------------  T H R E A D  ---------------

Current thread (0x000000001d64f800):  JavaThread "QuantumRenderer-0" daemon [_thread_in_native, id=3328, stack(0x000000001ece0000,0x000000001ede0000)]

siginfo: ExceptionCode=0xc0000005, reading address 0x00007ffc86ca6878

Registers:
RAX=0x0000000000000001, RBX=0x0000000000000000, RCX=0x00000000229c6060, RDX=0x0000000000000100
RSP=0x000000001eddd3f0, RBP=0x000000001eddd440, RSI=0x0000000000000130, RDI=0x0000000000000100
R8 =0x0000000000000100, R9 =0x000000001eddd428, R10=0x00007ffc86ca67f0, R11=0x00000000229c6060
R12=0x0000000000000000, R13=0x000000002141ded0, R14=0x000000001eddd528, R15=0x000000001d64f800
RIP=0x00007ffc744d50a6, EFLAGS=0x0000000000010206

Top of Stack: (sp=0x000000001eddd3f0)
0x000000001eddd3f0:   000000001eddd020 000000001eddd408
0x000000001eddd400:   000000001d64f800 0000000000000000
0x000000001eddd410:   0000000000000001 000000001eddd420
0x000000001eddd420:   0000000000000000 4bfe4e036fddc324
0x000000001eddd430:   10c98d76773d85b1 00009494bfd9cfaf
0x000000001eddd440:   000000001eddd4e0 00000000030e05ad
0x000000001eddd450:   000000002141ded0 0000000000001040
0x000000001eddd460:   0000000000000000 0000000000000006
0x000000001eddd470:   0000000000000100 0000000000000008
0x000000001eddd480:   0000000000000001 0000000000001040
0x000000001eddd490:   00000000265fec68 00000000030dfb49
0x000000001eddd4a0:   000000001eddd4a0 000000002141ded0
0x000000001eddd4b0:   000000001eddd528 000000002141e8f8
0x000000001eddd4c0:   0000000000000000 000000002141ded0
0x000000001eddd4d0:   0000000000000000 000000001eddd500
0x000000001eddd4e0:   000000001eddd570 00000000030b7e70 

Instructions: (pc=0x00007ffc744d50a6)
0x00007ffc744d5086:   4d 8b 10 44 8b 45 30 48 8d 45 e0 48 89 44 24 28
0x00007ffc744d5096:   8b 45 40 4c 8d 4d e8 8b d7 49 8b cb 89 44 24 20
0x00007ffc744d50a6:   41 ff 92 88 00 00 00 85 c0 48 0f 49 5d e0 48 8b
0x00007ffc744d50b6:   c3 48 8b 4d f8 48 33 cc e8 ad 43 00 00 48 8b 5c 


Register to memory mapping:

RAX=0x0000000000000001 is an unknown value
RBX=0x0000000000000000 is an unknown value
RCX=0x00000000229c6060 is an unknown value
RDX=0x0000000000000100 is an unknown value
RSP=0x000000001eddd3f0 is pointing into the stack for thread: 0x000000001d64f800
RBP=0x000000001eddd440 is pointing into the stack for thread: 0x000000001d64f800
RSI=0x0000000000000130 is an unknown value
RDI=0x0000000000000100 is an unknown value
R8 =0x0000000000000100 is an unknown value
R9 =0x000000001eddd428 is pointing into the stack for thread: 0x000000001d64f800
R10=0x00007ffc86ca67f0 is an unknown value
R11=0x00000000229c6060 is an unknown value
R12=0x0000000000000000 is an unknown value
R13={method} {0x000000002141ded8} 'CreateBitmap' '(JIIII)J' in 'com/sun/javafx/font/directwrite/OS'
R14=0x000000001eddd528 is pointing into the stack for thread: 0x000000001d64f800
R15=0x000000001d64f800 is a thread


Stack: [0x000000001ece0000,0x000000001ede0000],  sp=0x000000001eddd3f0,  free space=1012k
Native frames: (J=compiled Java code, j=interpreted, Vv=VM code, C=native code)
C  [javafx_font.dll+0x50a6]
C  0x00000000030e05ad

Java frames: (J=compiled Java code, j=interpreted, Vv=VM code)
j  com.sun.javafx.font.directwrite.OS.CreateBitmap(JIIII)J+0
j  com.sun.javafx.font.directwrite.IWICImagingFactory.CreateBitmap(IIII)Lcom/sun/javafx/font/directwrite/IWICBitmap;+14
j  com.sun.javafx.font.directwrite.DWGlyph.createBitmap(II)Lcom/sun/javafx/font/directwrite/IWICBitmap;+21
j  com.sun.javafx.font.directwrite.DWGlyph.getCachedBitmap()Lcom/sun/javafx/font/directwrite/IWICBitmap;+30
j  com.sun.javafx.font.directwrite.DWGlyph.getD2DMask(FFZ)[B+194
j  com.sun.javafx.font.directwrite.DWGlyph.getPixelData(I)[B+166
j  com.sun.prism.sw.SWGraphics.drawGlyph(Lcom/sun/javafx/font/FontStrike;Lcom/sun/javafx/scene/text/GlyphList;ILcom/sun/javafx/geom/transform/BaseTransform;ZFF)V+118
j  com.sun.prism.sw.SWGraphics.drawString(Lcom/sun/javafx/scene/text/GlyphList;Lcom/sun/javafx/font/FontStrike;FFLcom/sun/prism/paint/Color;II)V+706
j  com.sun.javafx.sg.prism.NGText.renderText(Lcom/sun/prism/Graphics;Lcom/sun/javafx/font/FontStrike;Lcom/sun/javafx/geom/BaseBounds;Lcom/sun/prism/paint/Color;I)V+330
j  com.sun.javafx.sg.prism.NGText.renderContent2D(Lcom/sun/prism/Graphics;Z)V+437
j  com.sun.javafx.sg.prism.NGShape.renderContent(Lcom/sun/prism/Graphics;)V+684
j  com.sun.javafx.sg.prism.NGNode.doRender(Lcom/sun/prism/Graphics;)V+659
j  com.sun.javafx.sg.prism.NGNode.render(Lcom/sun/prism/Graphics;)V+80
j  com.sun.javafx.sg.prism.NGGroup.renderContent(Lcom/sun/prism/Graphics;)V+272
j  com.sun.javafx.sg.prism.NGRegion.renderContent(Lcom/sun/prism/Graphics;)V+219
j  com.sun.javafx.sg.prism.NGNode.doRender(Lcom/sun/prism/Graphics;)V+659
j  com.sun.javafx.sg.prism.NGNode.render(Lcom/sun/prism/Graphics;)V+80
j  com.sun.javafx.sg.prism.NGGroup.renderContent(Lcom/sun/prism/Graphics;)V+272
j  com.sun.javafx.sg.prism.NGRegion.renderContent(Lcom/sun/prism/Graphics;)V+219
j  com.sun.javafx.sg.prism.NGNode.doRender(Lcom/sun/prism/Graphics;)V+659
j  com.sun.javafx.sg.prism.NGNode.render(Lcom/sun/prism/Graphics;)V+80
j  com.sun.javafx.sg.prism.NGGroup.renderContent(Lcom/sun/prism/Graphics;)V+272
j  com.sun.javafx.sg.prism.NGRegion.renderContent(Lcom/sun/prism/Graphics;)V+219
j  com.sun.javafx.sg.prism.NGNode.doRender(Lcom/sun/prism/Graphics;)V+659
j  com.sun.javafx.sg.prism.NGNode.render(Lcom/sun/prism/Graphics;)V+80
j  com.sun.javafx.sg.prism.NGGroup.renderContent(Lcom/sun/prism/Graphics;)V+272
j  com.sun.javafx.sg.prism.NGRegion.renderContent(Lcom/sun/prism/Graphics;)V+219
j  com.sun.javafx.sg.prism.NGNode.doRender(Lcom/sun/prism/Graphics;)V+659
j  com.sun.javafx.sg.prism.NGNode.render(Lcom/sun/prism/Graphics;)V+80
j  com.sun.javafx.sg.prism.NGGroup.renderContent(Lcom/sun/prism/Graphics;)V+272
j  com.sun.javafx.sg.prism.NGRegion.renderContent(Lcom/sun/prism/Graphics;)V+219
j  com.sun.javafx.sg.prism.NGNode.doRender(Lcom/sun/prism/Graphics;)V+659
j  com.sun.javafx.sg.prism.NGNode.render(Lcom/sun/prism/Graphics;)V+80
j  com.sun.javafx.sg.prism.NGGroup.renderContent(Lcom/sun/prism/Graphics;)V+272
j  com.sun.javafx.sg.prism.NGRegion.renderContent(Lcom/sun/prism/Graphics;)V+219
j  com.sun.javafx.sg.prism.NGNode.doRender(Lcom/sun/prism/Graphics;)V+659
j  com.sun.javafx.sg.prism.NGNode.render(Lcom/sun/prism/Graphics;)V+80
j  com.sun.javafx.sg.prism.NGGroup.renderContent(Lcom/sun/prism/Graphics;)V+272
j  com.sun.javafx.sg.prism.NGRegion.renderContent(Lcom/sun/prism/Graphics;)V+219
j  com.sun.javafx.sg.prism.NGNode.doRender(Lcom/sun/prism/Graphics;)V+659
j  com.sun.javafx.sg.prism.NGNode.render(Lcom/sun/prism/Graphics;)V+80
j  com.sun.javafx.tk.quantum.ViewPainter.doPaint(Lcom/sun/prism/Graphics;Lcom/sun/javafx/sg/prism/NodePath;)V+386
j  com.sun.javafx.tk.quantum.ViewPainter.paintImpl(Lcom/sun/prism/Graphics;)V+1632
j  com.sun.javafx.tk.quantum.UploadingPainter.run()V+1306
j  java.util.concurrent.Executors$RunnableAdapter.call()Ljava/lang/Object;+4
j  java.util.concurrent.FutureTask.runAndReset()Z+47
j  com.sun.javafx.tk.RenderJob.run()V+5
j  java.util.concurrent.ThreadPoolExecutor.runWorker(Ljava/util/concurrent/ThreadPoolExecutor$Worker;)V+95
j  java.util.concurrent.ThreadPoolExecutor$Worker.run()V+5
j  com.sun.javafx.tk.quantum.QuantumRenderer$PipelineRunnable.run()V+17
j  java.lang.Thread.run()V+11
v  ~StubRoutines::call_stub

---------------  P R O C E S S  ---------------

Java Threads: ( => current thread )
  0x000000001ff1e800 JavaThread "External Event Broker" daemon [_thread_blocked, id=3224, stack(0x0000000022dc0000,0x0000000022ec0000)]
  0x0000000018853000 JavaThread "Prism Font Disposer" daemon [_thread_blocked, id=3680, stack(0x0000000022ac0000,0x0000000022bc0000)]
  0x000000001daee000 JavaThread "testfx-async-pool-thread-2" daemon [_thread_blocked, id=3424, stack(0x000000001f3e0000,0x000000001f4e0000)]
  0x000000001a422800 JavaThread "Timer-0" daemon [_thread_blocked, id=3156, stack(0x000000001f0e0000,0x000000001f1e0000)]
  0x000000001d649800 JavaThread "JavaFX Application Thread" daemon [_thread_blocked, id=3400, stack(0x000000001efe0000,0x000000001f0e0000)]
=>0x000000001d64f800 JavaThread "QuantumRenderer-0" daemon [_thread_in_native, id=3328, stack(0x000000001ece0000,0x000000001ede0000)]
  0x000000001c3f2800 JavaThread "JavaFX-Launcher" daemon [_thread_blocked, id=2896, stack(0x000000001ebe0000,0x000000001ece0000)]
  0x000000001bf51800 JavaThread "testfx-async-pool-thread-1" daemon [_thread_blocked, id=3928, stack(0x000000001e840000,0x000000001e940000)]
  0x0000000017639800 JavaThread "Service Thread" daemon [_thread_blocked, id=3460, stack(0x0000000017fa0000,0x00000000180a0000)]
  0x000000001751e800 JavaThread "C1 CompilerThread2" daemon [_thread_blocked, id=1520, stack(0x0000000017ea0000,0x0000000017fa0000)]
  0x000000001755d000 JavaThread "C2 CompilerThread1" daemon [_thread_blocked, id=3396, stack(0x0000000017da0000,0x0000000017ea0000)]
  0x0000000017646800 JavaThread "C2 CompilerThread0" daemon [_thread_blocked, id=3736, stack(0x0000000017ca0000,0x0000000017da0000)]
  0x0000000015f07800 JavaThread "Attach Listener" daemon [_thread_blocked, id=2132, stack(0x00000000170c0000,0x00000000171c0000)]
  0x0000000015f06000 JavaThread "Signal Dispatcher" daemon [_thread_blocked, id=4044, stack(0x0000000016fc0000,0x00000000170c0000)]
  0x00000000157dd800 JavaThread "Finalizer" daemon [_thread_blocked, id=3656, stack(0x0000000016de0000,0x0000000016ee0000)]
  0x0000000015ee8000 JavaThread "Reference Handler" daemon [_thread_blocked, id=3244, stack(0x0000000016ce0000,0x0000000016de0000)]
  0x0000000002e20000 JavaThread "main" [_thread_in_vm, id=3136, stack(0x0000000002c60000,0x0000000002d60000)]

Other Threads:
  0x0000000015ee5800 VMThread [stack: 0x0000000016be0000,0x0000000016ce0000] [id=1932]
  0x0000000017647800 WatcherThread [stack: 0x00000000180a0000,0x00000000181a0000] [id=2988]

VM state:not at safepoint (normal execution)

VM Mutex/Monitor currently owned by a thread:  ([mutex/lock_event])
[0x0000000002e14e30] CodeCache_lock - owner thread: 0x0000000002e20000
[0x0000000002e16510] Compile_lock - owner thread: 0x0000000002e20000

Heap:
 PSYoungGen      total 209920K, used 32685K [0x00000000eab00000, 0x00000000fa300000, 0x0000000100000000)
  eden space 203264K, 13% used [0x00000000eab00000,0x00000000ec522c20,0x00000000f7180000)
  from space 6656K, 88% used [0x00000000f7180000,0x00000000f7748a00,0x00000000f7800000)
  to   space 7168K, 0% used [0x00000000f9c00000,0x00000000f9c00000,0x00000000fa300000)
 ParOldGen       total 61440K, used 13254K [0x00000000c0000000, 0x00000000c3c00000, 0x00000000eab00000)
  object space 61440K, 21% used [0x00000000c0000000,0x00000000c0cf18d8,0x00000000c3c00000)
 Metaspace       used 43213K, capacity 45138K, committed 45440K, reserved 1089536K
  class space    used 5275K, capacity 5650K, committed 5760K, reserved 1048576K

Card table byte_map: [0x0000000012470000,0x0000000012680000] byte_map_base: 0x0000000011e70000

Marking Bits: (ParMarkBitMap*) 0x000000006fbf56f0
 Begin Bits: [0x0000000012be0000, 0x0000000013be0000)
 End Bits:   [0x0000000013be0000, 0x0000000014be0000)

Polling page: 0x00000000011f0000

CodeCache: size=245760Kb used=16166Kb max_used=16166Kb free=229593Kb
 bounds [0x00000000030b0000, 0x00000000040b0000, 0x00000000120b0000]
 total_blobs=3913 nmethods=2972 adapters=859
 compilation: enabled

Compilation events (10 events):
Event: 23.751 Thread 0x000000001751e800 4354       3       com.sun.javafx.geom.transform.AffineBase::$jacocoInit (54 bytes)
Event: 23.754 Thread 0x000000001755d000 4359  s!   4       java.net.URLStreamHandler::getHostAddress (54 bytes)
Event: 23.766 Thread 0x0000000017646800 4361       4       com.sun.pisces.GradientColorMap::$jacocoInit (52 bytes)
Event: 23.769 Thread 0x000000001751e800 nmethod 4354 0x0000000003996750 code [0x0000000003996a80, 0x0000000003997c60]
Event: 23.769 Thread 0x000000001751e800 4360       3       java.lang.invoke.LambdaForm::uncustomize (58 bytes)
Event: 23.770 Thread 0x000000001751e800 nmethod 4360 0x00000000039269d0 code [0x0000000003926b80, 0x0000000003926fd8]
Event: 23.770 Thread 0x000000001751e800 4353       3       com.sun.pisces.GradientColorMap::accumColor (176 bytes)
Event: 23.771 Thread 0x0000000017646800 nmethod 4361 0x0000000003659290 code [0x00000000036593e0, 0x0000000003659438]
Event: 23.776 Thread 0x000000001751e800 nmethod 4353 0x0000000004071150 code [0x00000000040715a0, 0x0000000004072d80]
Event: 23.776 Thread 0x000000001751e800 4355       3       com.sun.javafx.UnmodifiableArrayList::$jacocoInit (52 bytes)

GC Heap History (10 events):
Event: 12.076 GC heap before
{Heap before GC invocations=11 (full 1):
 PSYoungGen      total 134656K, used 128512K [0x00000000eab00000, 0x00000000f8100000, 0x0000000100000000)
  eden space 128512K, 100% used [0x00000000eab00000,0x00000000f2880000,0x00000000f2880000)
  from space 6144K, 0% used [0x00000000f2880000,0x00000000f2880000,0x00000000f2e80000)
  to   space 6656K, 0% used [0x00000000f7a80000,0x00000000f7a80000,0x00000000f8100000)
 ParOldGen       total 38912K, used 9813K [0x00000000c0000000, 0x00000000c2600000, 0x00000000eab00000)
  object space 38912K, 25% used [0x00000000c0000000,0x00000000c0995780,0x00000000c2600000)
 Metaspace       used 24422K, capacity 25696K, committed 25728K, reserved 1071104K
  class space    used 2942K, capacity 3184K, committed 3200K, reserved 1048576K
Event: 12.126 GC heap after
Heap after GC invocations=11 (full 1):
 PSYoungGen      total 162304K, used 4718K [0x00000000eab00000, 0x00000000f7f80000, 0x0000000100000000)
  eden space 157184K, 0% used [0x00000000eab00000,0x00000000eab00000,0x00000000f4480000)
  from space 5120K, 92% used [0x00000000f7a80000,0x00000000f7f1ba78,0x00000000f7f80000)
  to   space 6656K, 0% used [0x00000000f7280000,0x00000000f7280000,0x00000000f7900000)
 ParOldGen       total 38912K, used 9821K [0x00000000c0000000, 0x00000000c2600000, 0x00000000eab00000)
  object space 38912K, 25% used [0x00000000c0000000,0x00000000c0997780,0x00000000c2600000)
 Metaspace       used 24422K, capacity 25696K, committed 25728K, reserved 1071104K
  class space    used 2942K, capacity 3184K, committed 3200K, reserved 1048576K
}
Event: 14.549 GC heap before
{Heap before GC invocations=12 (full 1):
 PSYoungGen      total 162304K, used 161902K [0x00000000eab00000, 0x00000000f7f80000, 0x0000000100000000)
  eden space 157184K, 100% used [0x00000000eab00000,0x00000000f4480000,0x00000000f4480000)
  from space 5120K, 92% used [0x00000000f7a80000,0x00000000f7f1ba78,0x00000000f7f80000)
  to   space 6656K, 0% used [0x00000000f7280000,0x00000000f7280000,0x00000000f7900000)
 ParOldGen       total 38912K, used 9821K [0x00000000c0000000, 0x00000000c2600000, 0x00000000eab00000)
  object space 38912K, 25% used [0x00000000c0000000,0x00000000c0997780,0x00000000c2600000)
 Metaspace       used 28940K, capacity 30236K, committed 30336K, reserved 1075200K
  class space    used 3409K, capacity 3670K, committed 3712K, reserved 1048576K
Event: 14.587 GC heap after
Heap after GC invocations=12 (full 1):
 PSYoungGen      total 194048K, used 5303K [0x00000000eab00000, 0x00000000f7b00000, 0x0000000100000000)
  eden space 188416K, 0% used [0x00000000eab00000,0x00000000eab00000,0x00000000f6300000)
  from space 5632K, 94% used [0x00000000f7280000,0x00000000f77ade60,0x00000000f7800000)
  to   space 3072K, 0% used [0x00000000f7800000,0x00000000f7800000,0x00000000f7b00000)
 ParOldGen       total 38912K, used 9829K [0x00000000c0000000, 0x00000000c2600000, 0x00000000eab00000)
  object space 38912K, 25% used [0x00000000c0000000,0x00000000c0999780,0x00000000c2600000)
 Metaspace       used 28940K, capacity 30236K, committed 30336K, reserved 1075200K
  class space    used 3409K, capacity 3670K, committed 3712K, reserved 1048576K
}
Event: 17.498 GC heap before
{Heap before GC invocations=13 (full 1):
 PSYoungGen      total 194048K, used 130952K [0x00000000eab00000, 0x00000000f7b00000, 0x0000000100000000)
  eden space 188416K, 66% used [0x00000000eab00000,0x00000000f25b41a0,0x00000000f6300000)
  from space 5632K, 94% used [0x00000000f7280000,0x00000000f77ade60,0x00000000f7800000)
  to   space 3072K, 0% used [0x00000000f7800000,0x00000000f7800000,0x00000000f7b00000)
 ParOldGen       total 38912K, used 9829K [0x00000000c0000000, 0x00000000c2600000, 0x00000000eab00000)
  object space 38912K, 25% used [0x00000000c0000000,0x00000000c0999780,0x00000000c2600000)
 Metaspace       used 33929K, capacity 35206K, committed 35416K, reserved 1081344K
  class space    used 4042K, capacity 4293K, committed 4352K, reserved 1048576K
Event: 17.547 GC heap after
Heap after GC invocations=13 (full 1):
 PSYoungGen      total 206336K, used 3048K [0x00000000eab00000, 0x00000000f9100000, 0x0000000100000000)
  eden space 203264K, 0% used [0x00000000eab00000,0x00000000eab00000,0x00000000f7180000)
  from space 3072K, 99% used [0x00000000f7800000,0x00000000f7afa238,0x00000000f7b00000)
  to   space 6656K, 0% used [0x00000000f7180000,0x00000000f7180000,0x00000000f7800000)
 ParOldGen       total 38912K, used 11167K [0x00000000c0000000, 0x00000000c2600000, 0x00000000eab00000)
  object space 38912K, 28% used [0x00000000c0000000,0x00000000c0ae7fc0,0x00000000c2600000)
 Metaspace       used 33929K, capacity 35206K, committed 35416K, reserved 1081344K
  class space    used 4042K, capacity 4293K, committed 4352K, reserved 1048576K
}
Event: 17.547 GC heap before
{Heap before GC invocations=14 (full 2):
 PSYoungGen      total 206336K, used 3048K [0x00000000eab00000, 0x00000000f9100000, 0x0000000100000000)
  eden space 203264K, 0% used [0x00000000eab00000,0x00000000eab00000,0x00000000f7180000)
  from space 3072K, 99% used [0x00000000f7800000,0x00000000f7afa238,0x00000000f7b00000)
  to   space 6656K, 0% used [0x00000000f7180000,0x00000000f7180000,0x00000000f7800000)
 ParOldGen       total 38912K, used 11167K [0x00000000c0000000, 0x00000000c2600000, 0x00000000eab00000)
  object space 38912K, 28% used [0x00000000c0000000,0x00000000c0ae7fc0,0x00000000c2600000)
 Metaspace       used 33929K, capacity 35206K, committed 35416K, reserved 1081344K
  class space    used 4042K, capacity 4293K, committed 4352K, reserved 1048576K
Event: 17.793 GC heap after
Heap after GC invocations=14 (full 2):
 PSYoungGen      total 206336K, used 0K [0x00000000eab00000, 0x00000000f9100000, 0x0000000100000000)
  eden space 203264K, 0% used [0x00000000eab00000,0x00000000eab00000,0x00000000f7180000)
  from space 3072K, 0% used [0x00000000f7800000,0x00000000f7800000,0x00000000f7b00000)
  to   space 6656K, 0% used [0x00000000f7180000,0x00000000f7180000,0x00000000f7800000)
 ParOldGen       total 61440K, used 13246K [0x00000000c0000000, 0x00000000c3c00000, 0x00000000eab00000)
  object space 61440K, 21% used [0x00000000c0000000,0x00000000c0cef8d8,0x00000000c3c00000)
 Metaspace       used 33929K, capacity 35206K, committed 35416K, reserved 1081344K
  class space    used 4042K, capacity 4293K, committed 4352K, reserved 1048576K
}
Event: 23.330 GC heap before
{Heap before GC invocations=15 (full 2):
 PSYoungGen      total 206336K, used 203264K [0x00000000eab00000, 0x00000000f9100000, 0x0000000100000000)
  eden space 203264K, 100% used [0x00000000eab00000,0x00000000f7180000,0x00000000f7180000)
  from space 3072K, 0% used [0x00000000f7800000,0x00000000f7800000,0x00000000f7b00000)
  to   space 6656K, 0% used [0x00000000f7180000,0x00000000f7180000,0x00000000f7800000)
 ParOldGen       total 61440K, used 13246K [0x00000000c0000000, 0x00000000c3c00000, 0x00000000eab00000)
  object space 61440K, 21% used [0x00000000c0000000,0x00000000c0cef8d8,0x00000000c3c00000)
 Metaspace       used 42608K, capacity 44460K, committed 44800K, reserved 1089536K
  class space    used 5201K, capacity 5547K, committed 5632K, reserved 1048576K
Event: 23.425 GC heap after
Heap after GC invocations=15 (full 2):
 PSYoungGen      total 209920K, used 5922K [0x00000000eab00000, 0x00000000fa300000, 0x0000000100000000)
  eden space 203264K, 0% used [0x00000000eab00000,0x00000000eab00000,0x00000000f7180000)
  from space 6656K, 88% used [0x00000000f7180000,0x00000000f7748a00,0x00000000f7800000)
  to   space 7168K, 0% used [0x00000000f9c00000,0x00000000f9c00000,0x00000000fa300000)
 ParOldGen       total 61440K, used 13254K [0x00000000c0000000, 0x00000000c3c00000, 0x00000000eab00000)
  object space 61440K, 21% used [0x00000000c0000000,0x00000000c0cf18d8,0x00000000c3c00000)
 Metaspace       used 42608K, capacity 44460K, committed 44800K, reserved 1089536K
  class space    used 5201K, capacity 5547K, committed 5632K, reserved 1048576K
}

Deoptimization events (10 events):
Event: 21.927 Thread 0x000000001d649800 Uncommon trap: reason=class_check action=maybe_recompile pc=0x0000000003312be8 method=java.lang.String.equals(Ljava/lang/Object;)Z @ 8
Event: 21.927 Thread 0x000000001d649800 Uncommon trap: reason=class_check action=maybe_recompile pc=0x0000000003312be8 method=java.lang.String.equals(Ljava/lang/Object;)Z @ 8
Event: 21.939 Thread 0x000000001d649800 Uncommon trap: reason=class_check action=maybe_recompile pc=0x0000000003312be8 method=java.lang.String.equals(Ljava/lang/Object;)Z @ 8
Event: 22.179 Thread 0x000000001d649800 Uncommon trap: reason=unstable_if action=reinterpret pc=0x0000000003f248a8 method=javafx.beans.property.ObjectPropertyBase.get()Ljava/lang/Object; @ 18
Event: 22.416 Thread 0x000000001d649800 Uncommon trap: reason=unstable_if action=reinterpret pc=0x0000000003593a7c method=java.lang.ClassLoader.checkName(Ljava/lang/String;)Z @ 20
Event: 22.529 Thread 0x000000001d649800 Uncommon trap: reason=bimorphic action=maybe_recompile pc=0x0000000003f21f5c method=java.io.DataInputStream.readByte()B @ 4
Event: 22.529 Thread 0x000000001d649800 Uncommon trap: reason=bimorphic action=maybe_recompile pc=0x0000000003f21f5c method=java.io.DataInputStream.readByte()B @ 4
Event: 22.529 Thread 0x000000001d649800 Uncommon trap: reason=bimorphic action=maybe_recompile pc=0x0000000003f21f5c method=java.io.DataInputStream.readByte()B @ 4
Event: 22.529 Thread 0x000000001d649800 Uncommon trap: reason=bimorphic action=maybe_recompile pc=0x0000000003f21f5c method=java.io.DataInputStream.readByte()B @ 4
Event: 22.549 Thread 0x000000001d649800 Uncommon trap: reason=unstable_if action=reinterpret pc=0x00000000032f08a0 method=java.lang.CharacterData.of(I)Ljava/lang/CharacterData; @ 4

Classes redefined (0 events):
No events

Internal exceptions (10 events):
Event: 23.756 Thread 0x0000000002e20000 Implicit null exception at 0x0000000003b1e020 to 0x0000000003b1ed87
Event: 23.756 Thread 0x0000000002e20000 Exception <a 'java/lang/NullPointerException'> (0x00000000ec0dc218) thrown at [C:\projects\jdk8u-dev\hotspot\src\share\vm\runtime\sharedRuntime.cpp, line 605]
Event: 23.761 Thread 0x0000000002e20000 Implicit null exception at 0x0000000003b1e020 to 0x0000000003b1ed87
Event: 23.761 Thread 0x0000000002e20000 Exception <a 'java/lang/NullPointerException'> (0x00000000ec0dfae0) thrown at [C:\projects\jdk8u-dev\hotspot\src\share\vm\runtime\sharedRuntime.cpp, line 605]
Event: 23.765 Thread 0x0000000002e20000 Implicit null exception at 0x0000000003b1e020 to 0x0000000003b1ed87
Event: 23.766 Thread 0x0000000002e20000 Exception <a 'java/lang/NullPointerException'> (0x00000000ec0e3280) thrown at [C:\projects\jdk8u-dev\hotspot\src\share\vm\runtime\sharedRuntime.cpp, line 605]
Event: 23.770 Thread 0x0000000002e20000 Implicit null exception at 0x0000000003b1e020 to 0x0000000003b1ed87
Event: 23.770 Thread 0x0000000002e20000 Exception <a 'java/lang/NullPointerException'> (0x00000000ec0e6938) thrown at [C:\projects\jdk8u-dev\hotspot\src\share\vm\runtime\sharedRuntime.cpp, line 605]
Event: 23.776 Thread 0x0000000002e20000 Implicit null exception at 0x0000000003b1e020 to 0x0000000003b1ed87
Event: 23.776 Thread 0x0000000002e20000 Exception <a 'java/lang/NullPointerException'> (0x00000000ec0e9ff0) thrown at [C:\projects\jdk8u-dev\hotspot\src\share\vm\runtime\sharedRuntime.cpp, line 605]

Events (10 events):
Event: 23.758 loading class com/sun/prism/sw/SWMaskTexture
Event: 23.758 loading class com/sun/prism/sw/SWMaskTexture done
Event: 23.761 loading class io/github/vocabhunter/gui/settings/SettingsManager
Event: 23.761 loading class io/github/vocabhunter/gui/settings/SettingsManager done
Event: 23.765 loading class javafx/stage/FileChooser$ExtensionFilter
Event: 23.765 loading class javafx/stage/FileChooser$ExtensionFilter done
Event: 23.765 loading class io/github/vocabhunter/gui/dialogues/FileFormatType
Event: 23.765 loading class io/github/vocabhunter/gui/dialogues/FileFormatType done
Event: 23.772 loading class com/sun/javafx/font/directwrite/IWICImagingFactory
Event: 23.772 loading class com/sun/javafx/font/directwrite/IWICImagingFactory done


Dynamic libraries:
0x00007ff694f60000 - 0x00007ff694f95000 	C:\projects\jdk8u-dev\build\windows-x86_64-normal-server-fastdebug\images\j2sdk-image\bin\java.exe
0x00007ffc8b920000 - 0x00007ffc8bacd000 	C:\Windows\SYSTEM32\ntdll.dll
0x00007ffc8adb0000 - 0x00007ffc8aeee000 	C:\Windows\system32\KERNEL32.DLL
0x00007ffc88b20000 - 0x00007ffc88c35000 	C:\Windows\system32\KERNELBASE.dll
0x00007ffc8ad00000 - 0x00007ffc8adaa000 	C:\Windows\system32\ADVAPI32.dll
0x00007ffc8b300000 - 0x00007ffc8b477000 	C:\Windows\system32\USER32.dll
0x00007ffc866a0000 - 0x00007ffc8691a000 	C:\Windows\WinSxS\amd64_microsoft.windows.common-controls_6595b64144ccf1df_6.0.9600.17810_none_6240b9c7ecbd0bda\COMCTL32.dll
0x00007ffc8af50000 - 0x00007ffc8affa000 	C:\Windows\system32\msvcrt.dll
0x00007ffc892b0000 - 0x00007ffc89309000 	C:\Windows\SYSTEM32\sechost.dll
0x00007ffc8b000000 - 0x00007ffc8b140000 	C:\Windows\system32\RPCRT4.dll
0x00007ffc8b140000 - 0x00007ffc8b28b000 	C:\Windows\system32\GDI32.dll
0x00007ffc88c40000 - 0x00007ffc88c6e000 	C:\Windows\system32\SspiCli.dll
0x00007ffc89370000 - 0x00007ffc893a6000 	C:\Windows\system32\IMM32.DLL
0x00007ffc8aab0000 - 0x00007ffc8ac01000 	C:\Windows\system32\MSCTF.dll
0x0000000070d90000 - 0x0000000070e62000 	C:\projects\jdk8u-dev\build\windows-x86_64-normal-server-fastdebug\images\j2sdk-image\jre\bin\msvcr100.dll
0x000000006ef70000 - 0x000000006fd2b000 	C:\projects\jdk8u-dev\build\windows-x86_64-normal-server-fastdebug\images\j2sdk-image\jre\bin\server\jvm.dll
0x00007ffc7d260000 - 0x00007ffc7d269000 	C:\Windows\SYSTEM32\WSOCK32.dll
0x00007ffc7ccd0000 - 0x00007ffc7ccf2000 	C:\Windows\SYSTEM32\WINMM.dll
0x00007ffc87670000 - 0x00007ffc8767a000 	C:\Windows\SYSTEM32\VERSION.dll
0x00007ffc8b760000 - 0x00007ffc8b767000 	C:\Windows\system32\PSAPI.DLL
0x00007ffc89250000 - 0x00007ffc892aa000 	C:\Windows\system32\WS2_32.dll
0x00007ffc7cca0000 - 0x00007ffc7ccca000 	C:\Windows\SYSTEM32\WINMMBASE.dll
0x00007ffc893d0000 - 0x00007ffc893d9000 	C:\Windows\system32\NSI.dll
0x00007ffc88f00000 - 0x00007ffc88f4f000 	C:\Windows\SYSTEM32\cfgmgr32.dll
0x00007ffc878d0000 - 0x00007ffc878f8000 	C:\Windows\SYSTEM32\DEVOBJ.dll
0x00007ffc80030000 - 0x00007ffc80040000 	C:\projects\jdk8u-dev\build\windows-x86_64-normal-server-fastdebug\images\j2sdk-image\jre\bin\verify.dll
0x00007ffc76a60000 - 0x00007ffc76a89000 	C:\projects\jdk8u-dev\build\windows-x86_64-normal-server-fastdebug\images\j2sdk-image\jre\bin\java.dll
0x00007ffc75730000 - 0x00007ffc75755000 	C:\projects\jdk8u-dev\build\windows-x86_64-normal-server-fastdebug\images\j2sdk-image\jre\bin\instrument.dll
0x00007ffc76a40000 - 0x00007ffc76a56000 	C:\projects\jdk8u-dev\build\windows-x86_64-normal-server-fastdebug\images\j2sdk-image\jre\bin\zip.dll
0x00007ffc893e0000 - 0x00007ffc8a909000 	C:\Windows\system32\SHELL32.dll
0x00007ffc8b540000 - 0x00007ffc8b752000 	C:\Windows\SYSTEM32\combase.dll
0x00007ffc8aef0000 - 0x00007ffc8af44000 	C:\Windows\system32\SHLWAPI.dll
0x00007ffc86ff0000 - 0x00007ffc870a2000 	C:\Windows\SYSTEM32\SHCORE.dll
0x00007ffc88a10000 - 0x00007ffc88a25000 	C:\Windows\SYSTEM32\profapi.dll
0x00007ffc76a20000 - 0x00007ffc76a3a000 	C:\projects\jdk8u-dev\build\windows-x86_64-normal-server-fastdebug\images\j2sdk-image\jre\bin\net.dll
0x00007ffc88280000 - 0x00007ffc882d9000 	C:\Windows\system32\mswsock.dll
0x00007ffc82e30000 - 0x00007ffc82e45000 	C:\Windows\system32\napinsp.dll
0x00007ffc85730000 - 0x00007ffc8574b000 	C:\Windows\system32\NLAapi.dll
0x00007ffc88080000 - 0x00007ffc88124000 	C:\Windows\SYSTEM32\DNSAPI.dll
0x00007ffc82e50000 - 0x00007ffc82e5d000 	C:\Windows\System32\winrnr.dll
0x00007ffc82f10000 - 0x00007ffc82f1a000 	C:\Windows\System32\rasadhlp.dll
0x00007ffc87640000 - 0x00007ffc8766a000 	C:\Windows\SYSTEM32\IPHLPAPI.DLL
0x00007ffc87360000 - 0x00007ffc8736a000 	C:\Windows\SYSTEM32\WINNSI.DLL
0x00007ffc84c90000 - 0x00007ffc84cfb000 	C:\Windows\System32\fwpuclnt.dll
0x00007ffc76a00000 - 0x00007ffc76a11000 	C:\projects\jdk8u-dev\build\windows-x86_64-normal-server-fastdebug\images\j2sdk-image\jre\bin\nio.dll
0x00007ffc76940000 - 0x00007ffc76944000 	C:\Windows\System32\api-ms-win-core-console-l1-1-0.dll
0x00007ffc75720000 - 0x00007ffc75723000 	C:\Windows\System32\api-ms-win-core-datetime-l1-1-0.dll
0x00007ffc75710000 - 0x00007ffc75713000 	C:\Windows\System32\api-ms-win-core-debug-l1-1-0.dll
0x00007ffc75700000 - 0x00007ffc75703000 	C:\Windows\System32\api-ms-win-core-errorhandling-l1-1-0.dll
0x00007ffc74840000 - 0x00007ffc74843000 	C:\Windows\System32\api-ms-win-core-file-l1-1-0.dll
0x00007ffc74830000 - 0x00007ffc74833000 	C:\Windows\System32\api-ms-win-core-file-l1-2-0.dll
0x00007ffc74820000 - 0x00007ffc74823000 	C:\Windows\System32\api-ms-win-core-file-l2-1-0.dll
0x00007ffc74810000 - 0x00007ffc74813000 	C:\Windows\System32\api-ms-win-core-handle-l1-1-0.dll
0x00007ffc74800000 - 0x00007ffc74803000 	C:\Windows\System32\api-ms-win-core-heap-l1-1-0.dll
0x00007ffc747f0000 - 0x00007ffc747f3000 	C:\Windows\System32\api-ms-win-core-interlocked-l1-1-0.dll
0x00007ffc747e0000 - 0x00007ffc747e3000 	C:\Windows\System32\api-ms-win-core-libraryloader-l1-1-0.dll
0x00007ffc747d0000 - 0x00007ffc747d3000 	C:\Windows\System32\api-ms-win-core-localization-l1-2-0.dll
0x00007ffc747c0000 - 0x00007ffc747c3000 	C:\Windows\System32\api-ms-win-core-memory-l1-1-0.dll
0x00007ffc747b0000 - 0x00007ffc747b3000 	C:\Windows\System32\api-ms-win-core-namedpipe-l1-1-0.dll
0x00007ffc747a0000 - 0x00007ffc747a4000 	C:\Windows\System32\api-ms-win-core-processenvironment-l1-1-0.dll
0x00007ffc74790000 - 0x00007ffc74793000 	C:\Windows\System32\api-ms-win-core-processthreads-l1-1-0.dll
0x00007ffc74780000 - 0x00007ffc74783000 	C:\Windows\System32\api-ms-win-core-processthreads-l1-1-1.dll
0x00007ffc74770000 - 0x00007ffc74773000 	C:\Windows\System32\api-ms-win-core-profile-l1-1-0.dll
0x00007ffc74760000 - 0x00007ffc74763000 	C:\Windows\System32\api-ms-win-core-rtlsupport-l1-1-0.dll
0x00007ffc74750000 - 0x00007ffc74753000 	C:\Windows\System32\api-ms-win-core-string-l1-1-0.dll
0x00007ffc74740000 - 0x00007ffc74743000 	C:\Windows\System32\api-ms-win-core-synch-l1-1-0.dll
0x00007ffc74730000 - 0x00007ffc74733000 	C:\Windows\System32\api-ms-win-core-synch-l1-2-0.dll
0x00007ffc74720000 - 0x00007ffc74723000 	C:\Windows\System32\api-ms-win-core-sysinfo-l1-1-0.dll
0x00007ffc74710000 - 0x00007ffc74713000 	C:\Windows\System32\api-ms-win-core-timezone-l1-1-0.dll
0x00007ffc74700000 - 0x00007ffc74703000 	C:\Windows\System32\api-ms-win-core-util-l1-1-0.dll
0x00007ffc746f0000 - 0x00007ffc746f3000 	C:\Windows\System32\api-ms-win-crt-conio-l1-1-0.dll
0x00007ffc746e0000 - 0x00007ffc746e4000 	C:\Windows\System32\api-ms-win-crt-convert-l1-1-0.dll
0x00007ffc746d0000 - 0x00007ffc746d3000 	C:\Windows\System32\api-ms-win-crt-environment-l1-1-0.dll
0x00007ffc746c0000 - 0x00007ffc746c3000 	C:\Windows\System32\api-ms-win-crt-filesystem-l1-1-0.dll
0x00007ffc746b0000 - 0x00007ffc746b3000 	C:\Windows\System32\api-ms-win-crt-heap-l1-1-0.dll
0x00007ffc746a0000 - 0x00007ffc746a3000 	C:\Windows\System32\api-ms-win-crt-locale-l1-1-0.dll
0x00007ffc74690000 - 0x00007ffc74695000 	C:\Windows\System32\api-ms-win-crt-math-l1-1-0.dll
0x00007ffc74680000 - 0x00007ffc74685000 	C:\Windows\System32\api-ms-win-crt-multibyte-l1-1-0.dll
0x00007ffc74670000 - 0x00007ffc7467f000 	C:\Windows\System32\api-ms-win-crt-private-l1-1-0.dll
0x00007ffc74660000 - 0x00007ffc74663000 	C:\Windows\System32\api-ms-win-crt-process-l1-1-0.dll
0x00007ffc74650000 - 0x00007ffc74654000 	C:\Windows\System32\api-ms-win-crt-runtime-l1-1-0.dll
0x00007ffc74640000 - 0x00007ffc74644000 	C:\Windows\System32\api-ms-win-crt-stdio-l1-1-0.dll
0x00007ffc74630000 - 0x00007ffc74634000 	C:\Windows\System32\api-ms-win-crt-string-l1-1-0.dll
0x00007ffc74620000 - 0x00007ffc74623000 	C:\Windows\System32\api-ms-win-crt-time-l1-1-0.dll
0x00007ffc74610000 - 0x00007ffc74613000 	C:\Windows\System32\api-ms-win-crt-utility-l1-1-0.dll
0x00007ffc74510000 - 0x00007ffc74604000 	C:\Windows\System32\ucrtbase.dll
0x00007ffc744f0000 - 0x00007ffc74502000 	C:\projects\jdk8u-dev\build\windows-x86_64-normal-server-fastdebug\images\j2sdk-image\jre\bin\prism_sw.dll
0x00007ffc882e0000 - 0x00007ffc88300000 	C:\Windows\SYSTEM32\CRYPTSP.dll
0x00007ffc87f20000 - 0x00007ffc87f56000 	C:\Windows\system32\rsaenh.dll
0x00007ffc88530000 - 0x00007ffc88556000 	C:\Windows\SYSTEM32\bcrypt.dll
0x00007ffc88010000 - 0x00007ffc88031000 	C:\Windows\SYSTEM32\USERENV.dll
0x00007ffc88850000 - 0x00007ffc888b3000 	C:\Windows\system32\bcryptprimitives.dll
0x00007ffc88a30000 - 0x00007ffc88a3b000 	C:\Windows\SYSTEM32\CRYPTBASE.dll
0x00007ffc84c20000 - 0x00007ffc84c36000 	C:\Windows\SYSTEM32\dhcpcsvc6.DLL
0x00007ffc860b0000 - 0x00007ffc860ca000 	C:\Windows\SYSTEM32\dhcpcsvc.DLL
0x00007ffc744d0000 - 0x00007ffc744e5000 	C:\projects\jdk8u-dev\build\windows-x86_64-normal-server-fastdebug\images\j2sdk-image\jre\bin\javafx_font.dll
0x00007ffc8a910000 - 0x00007ffc8aaa4000 	C:\Windows\system32\ole32.dll
0x00007ffc87750000 - 0x00007ffc87879000 	C:\Windows\system32\uxtheme.dll
0x00007ffc81f00000 - 0x00007ffc820ea000 	C:\Windows\SYSTEM32\dwrite.dll
0x00007ffc744b0000 - 0x00007ffc744c1000 	C:\projects\jdk8u-dev\build\windows-x86_64-normal-server-fastdebug\images\j2sdk-image\jre\bin\prism_common.dll
0x00007ffc87600000 - 0x00007ffc8760b000 	C:\Windows\SYSTEM32\kernel.appcore.dll
0x00007ffc89190000 - 0x00007ffc89246000 	C:\Windows\SYSTEM32\clbcatq.dll
0x00007ffc7b9c0000 - 0x00007ffc7bb4a000 	C:\Windows\system32\DBGHELP.DLL
0x00007ffc86c00000 - 0x00007ffc86c32000 	C:\Windows\SYSTEM32\ntmarta.dll

VM Arguments:
jvm_args: -Dheadless=true -javaagent:build/tmp/expandedArchives/org.jacoco.agent-0.8.0.jar_0a1ac833cae91eb2e2152073ffb36feb/jacocoagent.jar=destfile=build/jacoco/test.exec,append=true,inclnolocationclasses=false,dumponexit=true,output=file,jmx=false -Dfile.encoding=windows-1252 -Duser.country=US -Duser.language=en -Duser.variant 
java_command: org.junit.platform.console.ConsoleLauncher --details NONE --scan-class-path C:\projects\VocabHunter\gui\build\classes\java\main;C:\projects\VocabHunter\gui\build\resources\main;C:\projects\VocabHunter\gui\build\classes\java\test;C:\projects\VocabHunter\gui\build\resources\test -n ^.*Tests?$ --reports-dir C:\projects\VocabHunter\gui\build\test-results\junit-platform
java_class_path (initial): C:\projects\VocabHunter\gui\build\classes\java\test;C:\projects\VocabHunter\gui\build\resources\test;C:\projects\VocabHunter\gui\build\classes\java\main;C:\projects\VocabHunter\gui\build\resources\main;C:\projects\VocabHunter\core\build\libs\core-1.0.23-SNAPSHOT.jar;C:\projects\VocabHunter\core\build\libs\test-core-1.0.23-SNAPSHOT.jar;C:\Users\Administrator\.gradle\caches\modules-2\files-2.1\com.gluonhq\ignite-guice\1.0.2\b60ebeefee67cf17c086ff9eff7445d7c89d66e1\ignite-guice-1.0.2.jar;C:\Users\Administrator\.gradle\caches\modules-2\files-2.1\org.controlsfx\controlsfx\8.40.14\7338f13794b82c77ea152803df56a15d376c3b0e\controlsfx-8.40.14.jar;C:\Users\Administrator\.gradle\caches\modules-2\files-2.1\de.jensd\fontawesomefx-fontawesome\4.7.0-5\e3133c89faa95c10cd9a32486760426dc6b62a36\fontawesomefx-fontawesome-4.7.0-5.jar;C:\Users\Administrator\.gradle\caches\modules-2\files-2.1\ch.qos.logback\logback-classic\1.2.3\7c4f3c474fb2c041d8028740440937705ebb473a\logback-classic-1.2.3.jar;C:\Users\Administrator\.gradle\caches\modules-2\files-2.1\org.codehaus.janino\janino\3.0.8\48b02b1b5638f30e1ba528402fdf5df1cad9c9b1\janino-3.0.8.jar;C:\Users\Administrator\.gradle\caches\modules-2\files-2.1\org.junit.jupiter\junit-jupiter-params\5.0.3\2040154af126813745d61af0496f579ff688d20e\junit-jupiter-params-5.0.3.jar;C:\Users\Administrator\.gradle\caches\modules-2\files-2.1\org.junit.jupiter\junit-jupiter-engine\5.0.3\52fcc461185c48178608f687e962de6484dfb69e\junit-jupiter-engine-5.0.3.jar;C:\Users\Administrator\.gradle\caches\modules-2\files-2.1\org.junit.jupiter\junit-jupiter-api\5.0.3\43872be66bab0172073ac698062419755e563353\junit-jupiter-api-5.0.3.jar;C:\Users\Administrator\.gradle\caches\modules-2\files-2.1\org.mockito\mockito-core\2.13.0\8e372943974e4a121fb8617baced8ebfe46d54f0\mockito-core-2.13.0.jar;C:\Users\Administrator\.gradle\caches\modules-2\files-2.1\org.testfx\testfx-core\4.0.10-alpha\6631c4dbe7b5d10b0a35196084990632d48beb96\testfx-core-4.0.10-alpha.
Launcher Type: SUN_STANDARD

Environment Variables:
JAVA_HOME=C:\projects\jdk8u-dev\build\windows-x86_64-normal-server-fastdebug\images\j2sdk-image
CLASSPATH=C:\projects\VocabHunter\\gradle\wrapper\gradle-wrapper.jar
PATH=C:\Program Files\ConEmu\ConEmu\Scripts;C:\Program Files\ConEmu;C:\Program Files\ConEmu\ConEmu;C:\Windows\system32;C:\Windows;C:\Windows\System32\Wbem;C:\Windows\System32\WindowsPowerShell\v1.0\;C:\Program Files\TortoiseHg\;C:\Program Files\Git\cmd
USERNAME=Administrator
OS=Windows_NT
PROCESSOR_IDENTIFIER=Intel64 Family 6 Model 60 Stepping 3, GenuineIntel



---------------  S Y S T E M  ---------------

OS: Windows Server 2012 R2 , 64 bit Build 9600 (6.3.9600.17415)

CPU:total 4 (initial active 4) (4 cores per cpu, 1 threads per core) family 6 model 60 stepping 3, cmov, cx8, fxsr, mmx, sse, sse2, sse3, ssse3, sse4.1, sse4.2, popcnt, avx, aes, clmul, lzcnt, tsc, tscinvbit

Memory: 4k page, physical 4193844k(1184752k free), swap 5635636k(3446272k free)

vm_info: OpenJDK 64-Bit Server VM (25.71-b00-fastdebug) for windows-amd64 JRE (1.8.0-internal-_2018_01_23_13_40-b00), built on Jan 23 2018 13:43:18 by "Administrator" with MS VC++ 10.0 (VS2010)

time: Tue Jan 23 14:28:32 2018
elapsed time: 24 seconds (0d 0h 0m 24s)

